2025-01-24 15:03:27.724541 INFO::Writing function arguments to log file
2025-01-24 15:03:27.732115 DEBUG::Function arguments
2025-01-24 15:03:27.739093 DEBUG::Output folder: Zymo_ONT_V1.V9_EMU_EMUdb_compare/maaslin_results_phylum
2025-01-24 15:03:27.740557 DEBUG::Min Abundance: 0.001000
2025-01-24 15:03:27.741823 DEBUG::Min Prevalence: 0.000000
2025-01-24 15:03:27.74302 DEBUG::Normalization: TSS
2025-01-24 15:03:27.743857 DEBUG::Transform: LOG
2025-01-24 15:03:27.744552 DEBUG::Analysis method: LM
2025-01-24 15:03:27.745305 DEBUG::Max significance: 0.250000
2025-01-24 15:03:27.746115 DEBUG::Random effects:
2025-01-24 15:03:27.74681 DEBUG::Fixed effects: source
2025-01-24 15:03:27.747501 DEBUG::Correction method: BH
2025-01-24 15:03:27.748865 DEBUG::Standardize: TRUE
2025-01-24 15:03:27.749563 DEBUG::Cores: 1
2025-01-24 15:03:27.750253 INFO::Verifying options selected are valid
2025-01-24 15:03:27.782776 INFO::Determining format of input files
2025-01-24 15:03:27.784787 INFO::Input format is data samples as rows and metadata samples as rows
2025-01-24 15:03:27.787325 DEBUG::A total of 27 samples were found in both the data and metadata
2025-01-24 15:03:27.789081 DEBUG::Reordering data/metadata to use same sample ordering
2025-01-24 15:03:27.791108 INFO::Formula for fixed effects: expr ~  source
2025-01-24 15:03:27.792788 INFO::Filter data based on min abundance and min prevalence
2025-01-24 15:03:27.793783 INFO::Total samples in data: 27
2025-01-24 15:03:27.794704 INFO::Min samples required with min abundance for a feature not to be filtered: 0.000000
2025-01-24 15:03:27.796225 INFO::Total filtered features: 0
2025-01-24 15:03:27.79721 INFO::Filtered feature names from abundance and prevalence filtering:
2025-01-24 15:03:27.799056 INFO::Total filtered features with variance filtering: 1
2025-01-24 15:03:27.80009 INFO::Filtered feature names from variance filtering: ID
2025-01-24 15:03:27.801192 INFO::Running selected normalization method: TSS
2025-01-24 15:03:27.803342 INFO::Applying z-score to standardize continuous metadata
2025-01-24 15:03:27.810372 INFO::Running selected transform method: LOG
2025-01-24 15:03:27.81162 INFO::Running selected analysis method: LM
2025-01-24 15:03:27.815663 INFO::Fitting model to feature number 1, Bacteria.Actinobacteria
2025-01-24 15:03:27.835919 INFO::Fitting model to feature number 2, Bacteria.Bacteroidetes
2025-01-24 15:03:27.838039 INFO::Fitting model to feature number 3, Bacteria.Candidatus.Melainabacteria
2025-01-24 15:03:27.840046 INFO::Fitting model to feature number 4, Bacteria.Cyanobacteria
2025-01-24 15:03:27.841892 INFO::Fitting model to feature number 5, Bacteria.Deferribacteres
2025-01-24 15:03:27.843833 INFO::Fitting model to feature number 6, Bacteria.Firmicutes
2025-01-24 15:03:27.845815 INFO::Fitting model to feature number 7, Bacteria.Fusobacteria
2025-01-24 15:03:27.847717 INFO::Fitting model to feature number 8, Bacteria.Lentisphaerae
2025-01-24 15:03:27.849612 INFO::Fitting model to feature number 9, Bacteria.Proteobacteria
2025-01-24 15:03:27.851468 INFO::Fitting model to feature number 10, Bacteria.Synergistetes
2025-01-24 15:03:27.853231 INFO::Fitting model to feature number 11, Bacteria.Tenericutes
2025-01-24 15:03:27.855128 INFO::Fitting model to feature number 12, Bacteria.Verrucomicrobia
2025-01-24 15:03:27.861147 INFO::Counting total values for each feature
2025-01-24 15:03:27.865396 INFO::Writing filtered data to file Zymo_ONT_V1.V9_EMU_EMUdb_compare/maaslin_results_phylum/features/filtered_data.tsv
2025-01-24 15:03:27.873333 INFO::Writing filtered, normalized data to file Zymo_ONT_V1.V9_EMU_EMUdb_compare/maaslin_results_phylum/features/filtered_data_norm.tsv
2025-01-24 15:03:27.876063 INFO::Writing filtered, normalized, transformed data to file Zymo_ONT_V1.V9_EMU_EMUdb_compare/maaslin_results_phylum/features/filtered_data_norm_transformed.tsv
2025-01-24 15:03:27.878967 WARNING::Deleting existing residuals file: Zymo_ONT_V1.V9_EMU_EMUdb_compare/maaslin_results_phylum/fits/residuals.rds
2025-01-24 15:03:27.881295 INFO::Writing residuals to file Zymo_ONT_V1.V9_EMU_EMUdb_compare/maaslin_results_phylum/fits/residuals.rds
2025-01-24 15:03:27.883679 WARNING::Deleting existing fitted file: Zymo_ONT_V1.V9_EMU_EMUdb_compare/maaslin_results_phylum/fits/fitted.rds
2025-01-24 15:03:27.885246 INFO::Writing fitted values to file Zymo_ONT_V1.V9_EMU_EMUdb_compare/maaslin_results_phylum/fits/fitted.rds
2025-01-24 15:03:27.88688 INFO::Writing all results to file (ordered by increasing q-values): Zymo_ONT_V1.V9_EMU_EMUdb_compare/maaslin_results_phylum/all_results.tsv
2025-01-24 15:03:27.888785 INFO::Writing the significant results (those which are less than or equal to the threshold of 0.250000 ) to file (ordered by increasing q-values): Zymo_ONT_V1.V9_EMU_EMUdb_compare/maaslin_results_phylum/significant_results.tsv
2025-01-24 15:03:27.890884 INFO::Writing heatmap of significant results to file: Zymo_ONT_V1.V9_EMU_EMUdb_compare/maaslin_results_phylum/heatmap.pdf
2025-01-24 15:03:27.962602 INFO::Writing association plots (one for each significant association) to output folder: Zymo_ONT_V1.V9_EMU_EMUdb_compare/maaslin_results_phylum
2025-01-24 15:03:27.965666 INFO::Plotting associations from most to least significant, grouped by metadata
2025-01-24 15:03:27.966714 INFO::Plotting data for metadata number 1, source
2025-01-24 15:03:27.968339 INFO::Creating boxplot for categorical data, source vs Bacteria.Candidatus.Melainabacteria
2025-01-24 15:03:28.078314 INFO::Creating boxplot for categorical data, source vs Bacteria.Candidatus.Melainabacteria
2025-01-24 15:03:28.189722 INFO::Creating boxplot for categorical data, source vs Bacteria.Fusobacteria
2025-01-24 15:03:28.291164 INFO::Creating boxplot for categorical data, source vs Bacteria.Synergistetes
2025-01-24 15:03:28.424145 INFO::Creating boxplot for categorical data, source vs Bacteria.Synergistetes
2025-01-24 15:03:28.542524 INFO::Creating boxplot for categorical data, source vs Bacteria.Lentisphaerae
2025-01-24 15:03:28.630939 INFO::Creating boxplot for categorical data, source vs Bacteria.Lentisphaerae
2025-01-24 15:03:28.725414 INFO::Creating boxplot for categorical data, source vs Bacteria.Deferribacteres
2025-01-24 15:03:28.829491 INFO::Creating boxplot for categorical data, source vs Bacteria.Verrucomicrobia
2025-01-24 15:03:28.918011 INFO::Creating boxplot for categorical data, source vs Bacteria.Verrucomicrobia
2025-01-24 15:03:29.013013 INFO::Creating boxplot for categorical data, source vs Bacteria.Tenericutes
2025-01-24 15:03:29.101322 INFO::Creating boxplot for categorical data, source vs Bacteria.Bacteroidetes
2025-01-24 15:03:29.183791 INFO::Creating boxplot for categorical data, source vs Bacteria.Proteobacteria
2025-01-24 15:03:29.291379 INFO::Creating boxplot for categorical data, source vs Bacteria.Bacteroidetes
2025-01-24 15:03:29.362535 INFO::Creating boxplot for categorical data, source vs Bacteria.Firmicutes
2025-01-24 15:03:29.436271 INFO::Creating boxplot for categorical data, source vs Bacteria.Tenericutes
2025-01-24 15:03:29.506907 INFO::Creating boxplot for categorical data, source vs Bacteria.Proteobacteria
2025-01-24 15:03:29.589968 INFO::Creating boxplot for categorical data, source vs Bacteria.Cyanobacteria
2025-01-24 15:03:29.688972 INFO::Creating boxplot for categorical data, source vs Bacteria.Cyanobacteria
2025-01-24 15:03:29.816265 INFO::Creating boxplot for categorical data, source vs Bacteria.Fusobacteria
2025-01-24 15:03:29.896762 INFO::Creating boxplot for categorical data, source vs Bacteria.Firmicutes
