2025-01-24 15:03:35.61491 INFO::Writing function arguments to log file
2025-01-24 15:03:35.616033 DEBUG::Function arguments
2025-01-24 15:03:35.617341 DEBUG::Output folder: Zymo_ONT_V1.V9_EMU_EMUdb_compare/maaslin_results_class
2025-01-24 15:03:35.61821 DEBUG::Min Abundance: 0.001000
2025-01-24 15:03:35.61902 DEBUG::Min Prevalence: 0.000000
2025-01-24 15:03:35.619736 DEBUG::Normalization: TSS
2025-01-24 15:03:35.620421 DEBUG::Transform: LOG
2025-01-24 15:03:35.621159 DEBUG::Analysis method: LM
2025-01-24 15:03:35.621897 DEBUG::Max significance: 0.250000
2025-01-24 15:03:35.622544 DEBUG::Random effects:
2025-01-24 15:03:35.623136 DEBUG::Fixed effects: source
2025-01-24 15:03:35.624369 DEBUG::Correction method: BH
2025-01-24 15:03:35.634834 DEBUG::Standardize: TRUE
2025-01-24 15:03:35.635516 DEBUG::Cores: 1
2025-01-24 15:03:35.636144 INFO::Verifying options selected are valid
2025-01-24 15:03:35.637048 INFO::Determining format of input files
2025-01-24 15:03:35.637946 INFO::Input format is data samples as rows and metadata samples as rows
2025-01-24 15:03:35.638975 DEBUG::A total of 27 samples were found in both the data and metadata
2025-01-24 15:03:35.639562 DEBUG::Reordering data/metadata to use same sample ordering
2025-01-24 15:03:35.640637 INFO::Formula for fixed effects: expr ~  source
2025-01-24 15:03:35.642177 INFO::Filter data based on min abundance and min prevalence
2025-01-24 15:03:35.644059 INFO::Total samples in data: 27
2025-01-24 15:03:35.645679 INFO::Min samples required with min abundance for a feature not to be filtered: 0.000000
2025-01-24 15:03:35.647352 INFO::Total filtered features: 0
2025-01-24 15:03:35.648235 INFO::Filtered feature names from abundance and prevalence filtering:
2025-01-24 15:03:35.650621 INFO::Total filtered features with variance filtering: 1
2025-01-24 15:03:35.651508 INFO::Filtered feature names from variance filtering: ID
2025-01-24 15:03:35.652335 INFO::Running selected normalization method: TSS
2025-01-24 15:03:35.653441 INFO::Applying z-score to standardize continuous metadata
2025-01-24 15:03:35.655752 INFO::Running selected transform method: LOG
2025-01-24 15:03:35.656895 INFO::Running selected analysis method: LM
2025-01-24 15:03:35.657797 INFO::Fitting model to feature number 1, Bacteria.Actinobacteria.Actinobacteria
2025-01-24 15:03:35.659802 INFO::Fitting model to feature number 2, Bacteria.Actinobacteria.Coriobacteriia
2025-01-24 15:03:35.661736 INFO::Fitting model to feature number 3, Bacteria.Bacteroidetes.Bacteroidia
2025-01-24 15:03:35.664037 INFO::Fitting model to feature number 4, Bacteria.Candidatus.Melainabacteria.unassigned
2025-01-24 15:03:35.666117 INFO::Fitting model to feature number 5, Bacteria.Cyanobacteria.Gloeobacteria
2025-01-24 15:03:35.668329 INFO::Fitting model to feature number 6, Bacteria.Cyanobacteria.unassigned
2025-01-24 15:03:35.6702 INFO::Fitting model to feature number 7, Bacteria.Deferribacteres.Deferribacteres
2025-01-24 15:03:35.672057 INFO::Fitting model to feature number 8, Bacteria.Firmicutes.Bacilli
2025-01-24 15:03:35.673968 INFO::Fitting model to feature number 9, Bacteria.Firmicutes.Clostridia
2025-01-24 15:03:35.675983 INFO::Fitting model to feature number 10, Bacteria.Firmicutes.Erysipelotrichia
2025-01-24 15:03:35.677863 INFO::Fitting model to feature number 11, Bacteria.Firmicutes.Negativicutes
2025-01-24 15:03:35.679689 INFO::Fitting model to feature number 12, Bacteria.Firmicutes.Tissierellia
2025-01-24 15:03:35.681571 INFO::Fitting model to feature number 13, Bacteria.Firmicutes.unassigned
2025-01-24 15:03:35.683556 INFO::Fitting model to feature number 14, Bacteria.Fusobacteria.Fusobacteriia
2025-01-24 15:03:35.685528 INFO::Fitting model to feature number 15, Bacteria.Lentisphaerae.Lentisphaeria
2025-01-24 15:03:35.687774 INFO::Fitting model to feature number 16, Bacteria.Proteobacteria.Alphaproteobacteria
2025-01-24 15:03:35.689833 INFO::Fitting model to feature number 17, Bacteria.Proteobacteria.Betaproteobacteria
2025-01-24 15:03:35.691755 INFO::Fitting model to feature number 18, Bacteria.Proteobacteria.Deltaproteobacteria
2025-01-24 15:03:35.693711 INFO::Fitting model to feature number 19, Bacteria.Proteobacteria.Epsilonproteobacteria
2025-01-24 15:03:35.695678 INFO::Fitting model to feature number 20, Bacteria.Proteobacteria.Gammaproteobacteria
2025-01-24 15:03:35.697814 INFO::Fitting model to feature number 21, Bacteria.Synergistetes.Synergistia
2025-01-24 15:03:35.700293 INFO::Fitting model to feature number 22, Bacteria.Tenericutes.Mollicutes
2025-01-24 15:03:35.702448 INFO::Fitting model to feature number 23, Bacteria.Verrucomicrobia.Verrucomicrobiae
2025-01-24 15:03:35.707229 INFO::Counting total values for each feature
2025-01-24 15:03:35.709435 INFO::Writing filtered data to file Zymo_ONT_V1.V9_EMU_EMUdb_compare/maaslin_results_class/features/filtered_data.tsv
2025-01-24 15:03:35.712109 INFO::Writing filtered, normalized data to file Zymo_ONT_V1.V9_EMU_EMUdb_compare/maaslin_results_class/features/filtered_data_norm.tsv
2025-01-24 15:03:35.714997 INFO::Writing filtered, normalized, transformed data to file Zymo_ONT_V1.V9_EMU_EMUdb_compare/maaslin_results_class/features/filtered_data_norm_transformed.tsv
2025-01-24 15:03:35.717929 WARNING::Deleting existing residuals file: Zymo_ONT_V1.V9_EMU_EMUdb_compare/maaslin_results_class/fits/residuals.rds
2025-01-24 15:03:35.719353 INFO::Writing residuals to file Zymo_ONT_V1.V9_EMU_EMUdb_compare/maaslin_results_class/fits/residuals.rds
2025-01-24 15:03:35.721063 WARNING::Deleting existing fitted file: Zymo_ONT_V1.V9_EMU_EMUdb_compare/maaslin_results_class/fits/fitted.rds
2025-01-24 15:03:35.723008 INFO::Writing fitted values to file Zymo_ONT_V1.V9_EMU_EMUdb_compare/maaslin_results_class/fits/fitted.rds
2025-01-24 15:03:35.724409 INFO::Writing all results to file (ordered by increasing q-values): Zymo_ONT_V1.V9_EMU_EMUdb_compare/maaslin_results_class/all_results.tsv
2025-01-24 15:03:35.726511 INFO::Writing the significant results (those which are less than or equal to the threshold of 0.250000 ) to file (ordered by increasing q-values): Zymo_ONT_V1.V9_EMU_EMUdb_compare/maaslin_results_class/significant_results.tsv
2025-01-24 15:03:35.728306 INFO::Writing heatmap of significant results to file: Zymo_ONT_V1.V9_EMU_EMUdb_compare/maaslin_results_class/heatmap.pdf
2025-01-24 15:03:35.764327 INFO::Writing association plots (one for each significant association) to output folder: Zymo_ONT_V1.V9_EMU_EMUdb_compare/maaslin_results_class
2025-01-24 15:03:35.766576 INFO::Plotting associations from most to least significant, grouped by metadata
2025-01-24 15:03:35.767989 INFO::Plotting data for metadata number 1, source
2025-01-24 15:03:35.770167 INFO::Creating boxplot for categorical data, source vs Bacteria.Firmicutes.Bacilli
2025-01-24 15:03:35.851351 INFO::Creating boxplot for categorical data, source vs Bacteria.Candidatus.Melainabacteria.unassigned
2025-01-24 15:03:35.922644 INFO::Creating boxplot for categorical data, source vs Bacteria.Candidatus.Melainabacteria.unassigned
2025-01-24 15:03:36.014369 INFO::Creating boxplot for categorical data, source vs Bacteria.Firmicutes.Clostridia
2025-01-24 15:03:36.099911 INFO::Creating boxplot for categorical data, source vs Bacteria.Firmicutes.Negativicutes
2025-01-24 15:03:36.198488 INFO::Creating boxplot for categorical data, source vs Bacteria.Fusobacteria.Fusobacteriia
2025-01-24 15:03:36.287154 INFO::Creating boxplot for categorical data, source vs Bacteria.Proteobacteria.Epsilonproteobacteria
2025-01-24 15:03:36.362811 INFO::Creating boxplot for categorical data, source vs Bacteria.Synergistetes.Synergistia
2025-01-24 15:03:36.43427 INFO::Creating boxplot for categorical data, source vs Bacteria.Synergistetes.Synergistia
2025-01-24 15:03:36.515977 INFO::Creating boxplot for categorical data, source vs Bacteria.Lentisphaerae.Lentisphaeria
2025-01-24 15:03:36.593351 INFO::Creating boxplot for categorical data, source vs Bacteria.Lentisphaerae.Lentisphaeria
2025-01-24 15:03:36.675273 INFO::Creating boxplot for categorical data, source vs Bacteria.Deferribacteres.Deferribacteres
2025-01-24 15:03:36.742773 INFO::Creating boxplot for categorical data, source vs Bacteria.Verrucomicrobia.Verrucomicrobiae
2025-01-24 15:03:36.812452 INFO::Creating boxplot for categorical data, source vs Bacteria.Verrucomicrobia.Verrucomicrobiae
2025-01-24 15:03:36.901004 INFO::Creating boxplot for categorical data, source vs Bacteria.Tenericutes.Mollicutes
2025-01-24 15:03:36.969949 INFO::Creating boxplot for categorical data, source vs Bacteria.Firmicutes.Erysipelotrichia
2025-01-24 15:03:37.069103 INFO::Creating boxplot for categorical data, source vs Bacteria.Bacteroidetes.Bacteroidia
2025-01-24 15:03:37.160053 INFO::Creating boxplot for categorical data, source vs Bacteria.Proteobacteria.Deltaproteobacteria
2025-01-24 15:03:37.236818 INFO::Creating boxplot for categorical data, source vs Bacteria.Bacteroidetes.Bacteroidia
2025-01-24 15:03:37.304427 INFO::Creating boxplot for categorical data, source vs Bacteria.Firmicutes.Bacilli
2025-01-24 15:03:37.372851 INFO::Creating boxplot for categorical data, source vs Bacteria.Proteobacteria.Betaproteobacteria
2025-01-24 15:03:37.450001 INFO::Creating boxplot for categorical data, source vs Bacteria.Firmicutes.unassigned
2025-01-24 15:03:37.518384 INFO::Creating boxplot for categorical data, source vs Bacteria.Firmicutes.unassigned
2025-01-24 15:03:37.589092 INFO::Creating boxplot for categorical data, source vs Bacteria.Proteobacteria.Alphaproteobacteria
2025-01-24 15:03:37.66694 INFO::Creating boxplot for categorical data, source vs Bacteria.Firmicutes.Clostridia
2025-01-24 15:03:37.736599 INFO::Creating boxplot for categorical data, source vs Bacteria.Firmicutes.Tissierellia
2025-01-24 15:03:37.86018 INFO::Creating boxplot for categorical data, source vs Bacteria.Firmicutes.Negativicutes
2025-01-24 15:03:37.932048 INFO::Creating boxplot for categorical data, source vs Bacteria.Tenericutes.Mollicutes
2025-01-24 15:03:38.013711 INFO::Creating boxplot for categorical data, source vs Bacteria.Firmicutes.Tissierellia
2025-01-24 15:03:38.124866 INFO::Creating boxplot for categorical data, source vs Bacteria.Firmicutes.Erysipelotrichia
2025-01-24 15:03:38.203341 INFO::Creating boxplot for categorical data, source vs Bacteria.Proteobacteria.Gammaproteobacteria
2025-01-24 15:03:38.288508 INFO::Creating boxplot for categorical data, source vs Bacteria.Cyanobacteria.Gloeobacteria
2025-01-24 15:03:38.365992 INFO::Creating boxplot for categorical data, source vs Bacteria.Cyanobacteria.Gloeobacteria
2025-01-24 15:03:38.446221 INFO::Creating boxplot for categorical data, source vs Bacteria.Fusobacteria.Fusobacteriia
2025-01-24 15:03:38.516213 INFO::Creating boxplot for categorical data, source vs Bacteria.Actinobacteria.Coriobacteriia
2025-01-24 15:03:38.591518 INFO::Creating boxplot for categorical data, source vs Bacteria.Cyanobacteria.unassigned
2025-01-24 15:03:38.688094 INFO::Creating boxplot for categorical data, source vs Bacteria.Cyanobacteria.unassigned
2025-01-24 15:03:38.772286 INFO::Creating boxplot for categorical data, source vs Bacteria.Proteobacteria.Betaproteobacteria
